\o Program:		@(#)$CDS: libManager version 6.1.8 - CAT37 02/10/2023 14:05 (cpgsrv13) $
\o Sub version:		sub-version  s312 
\o Arguments:		-unmapped -mpssession virtuoso943142 -mpshost ruby 
\o Working Directory:	ruby:/eecs/home/salwan99/Desktop/VLSI4612/RTL-to-GDS_32BitALU/padFrame/ALU_DESIGN
\o 64-bit offsets
\o Qt version: 		5.9.1
\o changeWorkingDir("/eecs/home/salwan99/Desktop/VLSI4612/RTL-to-GDS_32BitALU/padFrame/ALU_DESIGN") unnecessary.
\o ddSetForcedLib("") unnecessary.
\o Log file is "/eecs/home/salwan99/Desktop/VLSI4612/RTL-to-GDS_32BitALU/padFrame/ALU_DESIGN/libManager.log".
\o Opening libManager window.
\a nrSetWindowVisibility(cdsLibManager "show")
\o MPS service: map window
\o Library Manager customization server connected.
\a nrSetCurrentWindow(cdsLibManager)
\a nrResizeWindow(cdsLibManager list(1098 239 602 491))
\a cdsLibManager->libListBox->value = "Final_Project"
\a cdsLibManager->libLineEdit->value = "Final_Project"
\a cdsLibManager->cellListBox->value = "padframe"
\a cdsLibManager->cellLineEdit->value = "padframe"
\a cdsLibManager->viewListBox->value = "layout"
\a cdsLibManager->viewLineEdit->value = "layout"
\a cdsLibManager->libListBox->value = "GSCLIB045"
\a cdsLibManager->libLineEdit->value = "GSCLIB045"
\a cdsLibManager->cellLineEdit->value = ""
\a cdsLibManager->cellListBox->value = nil
\a cdsLibManager->viewLineEdit->value = ""
\a cdsLibManager->viewListBox->value = nil
\a cdsLibManager->cellListBox->value = "ACHCONX2"
\a cdsLibManager->cellLineEdit->value = "ACHCONX2"
\a cdsLibManager->viewListBox->value = "symbol [gsclib045_backbias]"
\a cdsLibManager->viewLineEdit->value = "symbol [gsclib045_backbias]"
\a cdsLibManager->viewListBox->value = "symbol [gsclib045]"
\a cdsLibManager->viewLineEdit->value = "symbol [gsclib045]"
\a cdsLibManager->viewListBox->value = "schematic [gsclib045_backbias]"
\a cdsLibManager->viewLineEdit->value = "schematic [gsclib045_backbias]"
\a cdsLibManager->libListBox->value = "US_8ths"
\a cdsLibManager->libLineEdit->value = "US_8ths"
\a cdsLibManager->cellLineEdit->value = ""
\a cdsLibManager->cellListBox->value = nil
\a cdsLibManager->viewLineEdit->value = ""
\a cdsLibManager->viewListBox->value = nil
\a cdsLibManager->libListBox->value = "Final_Project"
\a cdsLibManager->libLineEdit->value = "Final_Project"
\a cdsLibManager->cellListBox->value = "padframe"
\a cdsLibManager->cellLineEdit->value = "padframe"
\a cdsLibManager->viewListBox->value = "layout"
\a cdsLibManager->viewLineEdit->value = "layout"
\a cdsLibManager->viewListBox->value = nil
\a cdsLibManager->viewLineEdit->value = ""
\a cdsLibManager->viewListBox->value = "layout"
\a cdsLibManager->viewLineEdit->value = "layout"
\o MPS request: edit design
\a nrListItemAction(cdsLibManager->gdmXTView 0 0)
\a nrSetCurrentWindow(cdsLibManager)
\a nrSetCurrentWindow(cdsLibManager)
\a cdsLibManager->libListBox->value = nil
\a cdsLibManager->libLineEdit->value = ""
\a cdsLibManager->cellListBox->value = nil
\a cdsLibManager->viewLineEdit->value = ""
\a cdsLibManager->viewListBox->value = nil
\a cdsLibManager->cellLineEdit->value = ""
\a cdsLibManager->libListBox->value = "Final_Project"
\a cdsLibManager->libLineEdit->value = "Final_Project"
\a cdsLibManager->cellListBox->value = "padframe"
\a cdsLibManager->cellLineEdit->value = "padframe"
\a cdsLibManager->viewListBox->value = "layout"
\a cdsLibManager->viewLineEdit->value = "layout"
\a cdsLibManager->cellLineEdit->value = ""
\a cdsLibManager->cellListBox->value = nil
\a cdsLibManager->viewLineEdit->value = ""
\a cdsLibManager->viewListBox->value = nil
\a cdsLibManager->cellListBox->value = "padframe"
\a cdsLibManager->cellLineEdit->value = "padframe"
\a cdsLibManager->viewListBox->value = "layout"
\a cdsLibManager->viewLineEdit->value = "layout"
\a cdsLibManager->viewLineEdit->value = ""
\a cdsLibManager->viewListBox->value = nil
\a cdsLibManager->viewListBox->value = "layout"
\a cdsLibManager->viewLineEdit->value = "layout"
\a cdsLibManager->viewLineEdit->value = ""
\a cdsLibManager->viewListBox->value = nil
\a cdsLibManager->viewListBox->value = "layout"
\a cdsLibManager->viewLineEdit->value = "layout"
\a nrSetCurrentWindow(cdsLibManager)
\a nrSetWindowVisibility(cdsLibManager "hide")
\a _lmgrCloseIconify("cdsLibManager" 1)
\o MPS service: shutdown
\o libManager is exiting.
\a exit(0)
