xrun(64): 23.09-s006: (c) Copyright 1995-2024 Cadence Design Systems, Inc.
TOOL:	xrun(64)	23.09-s006: Started on Dec 13, 2025 at 14:09:22 EST
xrun
	-64bit
	-v93
	-relax
	-access +rwc
	-elaborate
	-top tb_32bit_alu_behavioral
	-cdslib cds.lib
	-logfile .//results/elaborate.log
	Elaborating the design hierarchy:
		Caching library 'worklib' ....... Done
	Top level design units:
		tb_32bit_alu_behavioral
	Building instance overlay tables: .................... Done
	Generating native compiled code:
		worklib.alu_32bit_behavioral:v <0x7ae252ea>
			streams:   1, words:  5147
		worklib.tb_32bit_alu_behavioral:v <0x2a7fa70f>
			streams:   5, words:  7127
	Building instance specific data structures.
	Loading native compiled code:     .................... Done
	Design hierarchy summary:
		             Instances  Unique
		Modules:             2       2
		Registers:           7       7
		Scalar wires:        2       -
		Vectored wires:      4       -
		Always blocks:       1       1
		Initial blocks:      1       1
		Cont. assignments:   0       2
		Pseudo assignments:  4       -
	Writing initial simulation snapshot: worklib.tb_32bit_alu_behavioral:v
TOOL:	xrun(64)	23.09-s006: Exiting on Dec 13, 2025 at 14:09:23 EST  (total: 00:00:01)
