
Cadence Innovus(TM) Implementation System.
Copyright 2021 Cadence Design Systems, Inc. All rights reserved worldwide.

Version:	v21.17-s075_1, built Wed Mar 15 11:17:40 PDT 2023
Options:	
Date:		Sat Dec 13 21:55:39 2025
Host:		ruby (x86_64 w/Linux 4.18.0-553.87.1.el8_10.x86_64) (12cores*48cpus*Intel(R) Xeon(R) CPU E5-2690 v3 @ 2.60GHz 30720KB)
OS:		Rocky Linux 8.10 (Green Obsidian)

License:
		[21:55:39.435658] Configured Lic search path (21.01-s002): 6055@cmclicense.eecs.yorku.ca:7055@cmclicense.eecs.yorku.ca

		invs	Innovus Implementation System	21.1	checkout succeeded
		8 CPU jobs allowed with the current license(s). Use setMultiCpuUsage to set your required CPU count.
Change the soft stacksize limit to 0.2%RAM (514 mbytes). Set global soft_stack_size_limit to change the value.

**INFO:  MMMC transition support version v31-84 

<CMD> set_global _enable_mmmc_by_default_flow      $CTE::mmmc_default
<CMD> suppressMessage ENCEXT-2799
<CMD> getVersion
<CMD> define_proc_arguments ViaFillQor -info {This procedure extracts Viafill details from innovus db} -define_args {
		{-window "window coordinates" "" list optional}
		{-window_size "window size in microns" "" string optional}
	
	}
[INFO] Loading Pegasus 22.23 fill procedures
<CMD> define_proc_arguments ProcessFills -info {This procedure processes Fill types} -define_args {
    {-fillInfo "Design Fill data" "" list required}
				{-csvName "File path for Fill Data csv file" "Path of CSV file" string required}
				{-selectFill "type of fill to be selected in session" "list of BRIDGE/EXTENSION/STAMP/FLOATING" list required}
    {-output_data "Boolean Flag to output Fill Data for further processing" "" string required}
}
<CMD> define_proc_arguments FillQor -info {This procedure extracts fill details from innovus db} -define_args {
    {-layers "Fills Cleanup on which all layers" "list of Metal/Routing layers" list optional}
				{-selectFill "type of fill to be selected in session" "list of BRIDGE/EXTENSION/STAMP/FLOATING" list optional}
				{-outData "Boolean Flag to output Fill Data for further processing" "" boolean optional}
    {-outDataFile "File path for Fill Data csv file" "Path of CSV file" string optional}
}
<CMD> define_proc_arguments ProcessFills_fast -info {This procedure processes Fill types} -define_args {
    {-fillInfo "Design Fill data" "" list required}
				{-csvName "File path for Fill Data csv file" "Path of CSV file" string required}
				{-selectFill "type of fill to be selected in session" "list of BRIDGE/EXTENSION/STAMP/FLOATING" list required}
    {-output_data "Boolean Flag to output Fill Data for further processing" "" string required}
}
<CMD> define_proc_arguments FillQor_fast -info {This procedure extracts fill details from innovus db} -define_args {
    {-layers "Fills Cleanup on which all layers" "list of Metal/Routing layers" list optional}
				{-selectFill "type of fill to be selected in session" "list of BRIDGE/EXTENSION/STAMP/FLOATING" list optional}
				{-outData "Boolean Flag to output Fill Data for further processing" "" boolean optional}
    {-outDataFile "File path for Fill Data csv file" "Path of CSV file" string optional}
}
<CMD> define_proc_arguments ProcessFills_fast_stampOnly -info {This procedure processes Fill types} -define_args {
    {-fillInfo "Design Fill data" "" list required}
	
}
<CMD> define_proc_arguments FillQor_fast_stampOnly -info {This procedure extracts fill details from innovus db} -define_args {
    {-layers "Fills Cleanup on which all layers" "list of Metal/Routing layers" list optional}
}
<CMD> win
<CMD> set ::TimeLib::tsgMarkCellLatchConstructFlag 1
<CMD> get_message -id GLOBAL-100 -suppress
<CMD> get_message -id GLOBAL-100 -suppress
<CMD> set _timing_save_restore_compression_mode hybrid
<CMD> set conf_qxconf_file NULL
<CMD> set conf_qxlib_file NULL
<CMD> set defHierChar /
<CMD> set distributed_client_message_echo 1
<CMD> set distributed_mmmc_disable_reports_auto_redirection 0
<CMD> set gpsPrivate::dpgNewAddBufsDBUpdate 1
<CMD> set gpsPrivate::lsgEnableNewDbApiInRestruct 1
<CMD> set init_lef_file {
    "/CMC/kits/cadence/GPDK045/gsclib045_all_v4.4/gsclib045/lef/gsclib045_tech.lef"
    "/CMC/kits/cadence/GPDK045/gsclib045_all_v4.4/gsclib045/lef/gsclib045_macro.lef"
}
<CMD> set init_verilog ../Synthesis/netlist/genus_alu_32bit.v
<CMD> set init_top_cell alu_32bit
<CMD> set init_mmmc_file ./scripts/mmmc.view
<CMD> set init_pwr_net VDD
<CMD> set init_gnd_net VSS
<CMD> get_message -id GLOBAL-100 -suppress
<CMD> get_message -id GLOBAL-100 -suppress
<CMD> set latch_time_borrow_mode max_borrow
<CMD> set pegDefaultResScaleFactor 1.000000
<CMD> set pegDetailResScaleFactor 1.000000
<CMD> get_message -id GLOBAL-100 -suppress
<CMD> get_message -id GLOBAL-100 -suppress
<CMD> set report_inactive_arcs_format {from to when arc_type sense reason}
<CMD> set timing_library_float_precision_tol 0.000010
<CMD> set timing_library_load_pin_cap_indices {}
<CMD> set timing_library_write_library_to_directory {}
<CMD> set tso_post_client_restore_command {update_timing ; write_eco_opt_db ;}
<CMD> init_design
#% Begin Load MMMC data ... (date=12/13 21:56:41, mem=1027.0M)
#% End Load MMMC data ... (date=12/13 21:56:41, total cpu=0:00:00.0, real=0:00:00.0, peak res=1027.7M, current mem=1027.7M)
rc_best rc_worst

Loading LEF file /CMC/kits/cadence/GPDK045/gsclib045_all_v4.4/gsclib045/lef/gsclib045_tech.lef ...

Loading LEF file /CMC/kits/cadence/GPDK045/gsclib045_all_v4.4/gsclib045/lef/gsclib045_macro.lef ...
Set DBUPerIGU to M2 pitch 400.
**WARN: (IMPLF-200):	Pin 'A' in macro 'ANTENNA' has no ANTENNAGATEAREA value defined. The library data is incomplete and some process antenna rules will not be checked correctly.
Type 'man IMPLF-200' for more detail.

##  Check design process and node:  
##  Both design process and tech node are not set.

Loading view definition file from ./scripts/mmmc.view
Reading max_timing timing library '/CMC/kits/cadence/GPDK045/gsclib045_all_v4.4/gsclib045/timing/slow_vdd1v0_basicCells.lib' ...
**WARN: (TECHLIB-302):	No function defined for cell 'DECAP9'. The cell will only be used for analysis. (File /CMC/kits/cadence/GPDK045/gsclib045_all_v4.4/gsclib045/timing/slow_vdd1v0_basicCells.lib)
**WARN: (TECHLIB-302):	No function defined for cell 'DECAP8'. The cell will only be used for analysis. (File /CMC/kits/cadence/GPDK045/gsclib045_all_v4.4/gsclib045/timing/slow_vdd1v0_basicCells.lib)
**WARN: (TECHLIB-302):	No function defined for cell 'DECAP7'. The cell will only be used for analysis. (File /CMC/kits/cadence/GPDK045/gsclib045_all_v4.4/gsclib045/timing/slow_vdd1v0_basicCells.lib)
**WARN: (TECHLIB-302):	No function defined for cell 'DECAP6'. The cell will only be used for analysis. (File /CMC/kits/cadence/GPDK045/gsclib045_all_v4.4/gsclib045/timing/slow_vdd1v0_basicCells.lib)
**WARN: (TECHLIB-302):	No function defined for cell 'DECAP5'. The cell will only be used for analysis. (File /CMC/kits/cadence/GPDK045/gsclib045_all_v4.4/gsclib045/timing/slow_vdd1v0_basicCells.lib)
**WARN: (TECHLIB-302):	No function defined for cell 'DECAP4'. The cell will only be used for analysis. (File /CMC/kits/cadence/GPDK045/gsclib045_all_v4.4/gsclib045/timing/slow_vdd1v0_basicCells.lib)
**WARN: (TECHLIB-302):	No function defined for cell 'DECAP3'. The cell will only be used for analysis. (File /CMC/kits/cadence/GPDK045/gsclib045_all_v4.4/gsclib045/timing/slow_vdd1v0_basicCells.lib)
**WARN: (TECHLIB-302):	No function defined for cell 'DECAP2'. The cell will only be used for analysis. (File /CMC/kits/cadence/GPDK045/gsclib045_all_v4.4/gsclib045/timing/slow_vdd1v0_basicCells.lib)
**WARN: (TECHLIB-302):	No function defined for cell 'DECAP10'. The cell will only be used for analysis. (File /CMC/kits/cadence/GPDK045/gsclib045_all_v4.4/gsclib045/timing/slow_vdd1v0_basicCells.lib)
**WARN: (TECHLIB-302):	No function defined for cell 'ANTENNA'. The cell will only be used for analysis. (File /CMC/kits/cadence/GPDK045/gsclib045_all_v4.4/gsclib045/timing/slow_vdd1v0_basicCells.lib)
Read 489 cells in library 'slow_vdd1v0' 
Reading max_timing timing library '/CMC/kits/cadence/GPDK045/gsclib045_all_v4.4/gsclib045/timing/slow_vdd1v2_basicCells.lib' ...
**WARN: (TECHLIB-302):	No function defined for cell 'DECAP9'. The cell will only be used for analysis. (File /CMC/kits/cadence/GPDK045/gsclib045_all_v4.4/gsclib045/timing/slow_vdd1v2_basicCells.lib)
**WARN: (TECHLIB-302):	No function defined for cell 'DECAP8'. The cell will only be used for analysis. (File /CMC/kits/cadence/GPDK045/gsclib045_all_v4.4/gsclib045/timing/slow_vdd1v2_basicCells.lib)
**WARN: (TECHLIB-302):	No function defined for cell 'DECAP7'. The cell will only be used for analysis. (File /CMC/kits/cadence/GPDK045/gsclib045_all_v4.4/gsclib045/timing/slow_vdd1v2_basicCells.lib)
**WARN: (TECHLIB-302):	No function defined for cell 'DECAP6'. The cell will only be used for analysis. (File /CMC/kits/cadence/GPDK045/gsclib045_all_v4.4/gsclib045/timing/slow_vdd1v2_basicCells.lib)
**WARN: (TECHLIB-302):	No function defined for cell 'DECAP5'. The cell will only be used for analysis. (File /CMC/kits/cadence/GPDK045/gsclib045_all_v4.4/gsclib045/timing/slow_vdd1v2_basicCells.lib)
**WARN: (TECHLIB-302):	No function defined for cell 'DECAP4'. The cell will only be used for analysis. (File /CMC/kits/cadence/GPDK045/gsclib045_all_v4.4/gsclib045/timing/slow_vdd1v2_basicCells.lib)
**WARN: (TECHLIB-302):	No function defined for cell 'DECAP3'. The cell will only be used for analysis. (File /CMC/kits/cadence/GPDK045/gsclib045_all_v4.4/gsclib045/timing/slow_vdd1v2_basicCells.lib)
**WARN: (TECHLIB-302):	No function defined for cell 'DECAP2'. The cell will only be used for analysis. (File /CMC/kits/cadence/GPDK045/gsclib045_all_v4.4/gsclib045/timing/slow_vdd1v2_basicCells.lib)
**WARN: (TECHLIB-302):	No function defined for cell 'DECAP10'. The cell will only be used for analysis. (File /CMC/kits/cadence/GPDK045/gsclib045_all_v4.4/gsclib045/timing/slow_vdd1v2_basicCells.lib)
**WARN: (TECHLIB-302):	No function defined for cell 'ANTENNA'. The cell will only be used for analysis. (File /CMC/kits/cadence/GPDK045/gsclib045_all_v4.4/gsclib045/timing/slow_vdd1v2_basicCells.lib)
Read 489 cells in library 'slow_vdd1v2' 
Reading min_timing timing library '/CMC/kits/cadence/GPDK045/gsclib045_all_v4.4/gsclib045/timing/fast_vdd1v2_basicCells.lib' ...
Message <TECHLIB-302> has exceeded the message display limit of '20'. Use 'set_message -no_limit -id list_of_msgIDs' to reset the message limit.
Read 489 cells in library 'fast_vdd1v2' 
Reading min_timing timing library '/CMC/kits/cadence/GPDK045/gsclib045_all_v4.4/gsclib045/timing/fast_vdd1v0_basicCells.lib' ...
Read 489 cells in library 'fast_vdd1v0' 
*** End library_loading (cpu=0.03min, real=0.03min, mem=45.4M, fe_cpu=0.40min, fe_real=1.07min, fe_mem=1138.7M) ***
#% Begin Load netlist data ... (date=12/13 21:56:43, mem=1057.0M)
*** Begin netlist parsing (mem=1138.7M) ***
Created 489 new cells from 4 timing libraries.
Reading netlist ...
Backslashed names will retain backslash and a trailing blank character.
Reading verilog netlist '../Synthesis/netlist/genus_alu_32bit.v'

*** Memory Usage v#1 (Current mem = 1138.695M, initial mem = 486.922M) ***
*** End netlist parsing (cpu=0:00:00.0, real=0:00:00.0, mem=1138.7M) ***
#% End Load netlist data ... (date=12/13 21:56:43, total cpu=0:00:00.0, real=0:00:00.0, peak res=1079.9M, current mem=1079.9M)
Set top cell to alu_32bit.
Hooked 1956 DB cells to tlib cells.
Starting recursive module instantiation check.
No recursion found.
Building hierarchical netlist for Cell alu_32bit ...
*** Netlist is unique.
** info: there are 2147 modules.
** info: there are 367 stdCell insts.

*** Memory Usage v#1 (Current mem = 1208.109M, initial mem = 486.922M) ***
**WARN: (IMPFP-3961):	The techSite 'CornerSite' has no related standard cells in the LEF/OA library. The calculations for this site type cannot be made unless standard cell models of this type exist in the LEF/OA library. Ignore this warning if the SITE is not used by the library. Alternatively, remove the SITE definition for the LEF/OA library to avoid this message.
Type 'man IMPFP-3961' for more detail.
**WARN: (IMPFP-3961):	The techSite 'IOSite' has no related standard cells in the LEF/OA library. The calculations for this site type cannot be made unless standard cell models of this type exist in the LEF/OA library. Ignore this warning if the SITE is not used by the library. Alternatively, remove the SITE definition for the LEF/OA library to avoid this message.
Type 'man IMPFP-3961' for more detail.
Start create_tracks
Extraction setup Started 
Initializing multi-corner RC extraction with 2 active RC Corners ...
**WARN: (IMPEXT-2773):	The via resistance between layers M0 and M1 could not be determined from the LEF technology file because the via resistance specification is missing. A default of 4 Ohms will be used as via resistance between these layers.
Type 'man IMPEXT-2773' for more detail.
**WARN: (IMPEXT-2773):	The via resistance between layers M1 and M2 could not be determined from the LEF technology file because the via resistance specification is missing. A default of 4 Ohms will be used as via resistance between these layers.
Type 'man IMPEXT-2773' for more detail.
**WARN: (IMPEXT-2773):	The via resistance between layers M2 and M3 could not be determined from the LEF technology file because the via resistance specification is missing. A default of 4 Ohms will be used as via resistance between these layers.
Type 'man IMPEXT-2773' for more detail.
**WARN: (IMPEXT-2773):	The via resistance between layers M3 and M4 could not be determined from the LEF technology file because the via resistance specification is missing. A default of 4 Ohms will be used as via resistance between these layers.
Type 'man IMPEXT-2773' for more detail.
**WARN: (IMPEXT-2773):	The via resistance between layers M4 and M5 could not be determined from the LEF technology file because the via resistance specification is missing. A default of 4 Ohms will be used as via resistance between these layers.
Type 'man IMPEXT-2773' for more detail.
**WARN: (IMPEXT-2773):	The via resistance between layers M5 and M6 could not be determined from the LEF technology file because the via resistance specification is missing. A default of 4 Ohms will be used as via resistance between these layers.
Type 'man IMPEXT-2773' for more detail.
**WARN: (IMPEXT-2773):	The via resistance between layers M6 and M7 could not be determined from the LEF technology file because the via resistance specification is missing. A default of 4 Ohms will be used as via resistance between these layers.
Type 'man IMPEXT-2773' for more detail.
**WARN: (IMPEXT-2773):	The via resistance between layers M7 and M8 could not be determined from the LEF technology file because the via resistance specification is missing. A default of 4 Ohms will be used as via resistance between these layers.
Type 'man IMPEXT-2773' for more detail.
**WARN: (IMPEXT-2773):	The via resistance between layers M8 and M9 could not be determined from the LEF technology file because the via resistance specification is missing. A default of 4 Ohms will be used as via resistance between these layers.
Type 'man IMPEXT-2773' for more detail.
**WARN: (IMPEXT-2773):	The via resistance between layers M9 and M10 could not be determined from the LEF technology file because the via resistance specification is missing. A default of 4 Ohms will be used as via resistance between these layers.
Type 'man IMPEXT-2773' for more detail.
**WARN: (IMPEXT-2773):	The via resistance between layers M10 and M11 could not be determined from the LEF technology file because the via resistance specification is missing. A default of 4 Ohms will be used as via resistance between these layers.
Type 'man IMPEXT-2773' for more detail.
**WARN: (IMPEXT-2766):	The sheet resistance for layer M1 is not defined in the cap table. Therefore, the LEF value 0.0736 will be used instead. To avoid this message, update the relevant cap table to include the sheet resistance for the specified layer and read it back in.
**WARN: (IMPEXT-2766):	The sheet resistance for layer M2 is not defined in the cap table. Therefore, the LEF value 0.0604 will be used instead. To avoid this message, update the relevant cap table to include the sheet resistance for the specified layer and read it back in.
**WARN: (IMPEXT-2766):	The sheet resistance for layer M3 is not defined in the cap table. Therefore, the LEF value 0.0604 will be used instead. To avoid this message, update the relevant cap table to include the sheet resistance for the specified layer and read it back in.
**WARN: (IMPEXT-2766):	The sheet resistance for layer M4 is not defined in the cap table. Therefore, the LEF value 0.0604 will be used instead. To avoid this message, update the relevant cap table to include the sheet resistance for the specified layer and read it back in.
**WARN: (IMPEXT-2766):	The sheet resistance for layer M5 is not defined in the cap table. Therefore, the LEF value 0.0604 will be used instead. To avoid this message, update the relevant cap table to include the sheet resistance for the specified layer and read it back in.
**WARN: (IMPEXT-2766):	The sheet resistance for layer M6 is not defined in the cap table. Therefore, the LEF value 0.0604 will be used instead. To avoid this message, update the relevant cap table to include the sheet resistance for the specified layer and read it back in.
**WARN: (IMPEXT-2766):	The sheet resistance for layer M7 is not defined in the cap table. Therefore, the LEF value 0.0604 will be used instead. To avoid this message, update the relevant cap table to include the sheet resistance for the specified layer and read it back in.
**WARN: (IMPEXT-2766):	The sheet resistance for layer M8 is not defined in the cap table. Therefore, the LEF value 0.0214 will be used instead. To avoid this message, update the relevant cap table to include the sheet resistance for the specified layer and read it back in.
**WARN: (IMPEXT-2766):	The sheet resistance for layer M9 is not defined in the cap table. Therefore, the LEF value 0.0214 will be used instead. To avoid this message, update the relevant cap table to include the sheet resistance for the specified layer and read it back in.
**WARN: (IMPEXT-2766):	The sheet resistance for layer M10 is not defined in the cap table. Therefore, the LEF value 0.0214 will be used instead. To avoid this message, update the relevant cap table to include the sheet resistance for the specified layer and read it back in.
**WARN: (IMPEXT-2766):	The sheet resistance for layer M11 is not defined in the cap table. Therefore, the LEF value 0.021 will be used instead. To avoid this message, update the relevant cap table to include the sheet resistance for the specified layer and read it back in.
**WARN: (IMPEXT-2773):	The via resistance between layers M0 and M1 could not be determined from the LEF technology file because the via resistance specification is missing. A default of 4 Ohms will be used as via resistance between these layers.
Type 'man IMPEXT-2773' for more detail.
**WARN: (IMPEXT-2773):	The via resistance between layers M1 and M2 could not be determined from the LEF technology file because the via resistance specification is missing. A default of 4 Ohms will be used as via resistance between these layers.
Type 'man IMPEXT-2773' for more detail.
**WARN: (IMPEXT-2773):	The via resistance between layers M2 and M3 could not be determined from the LEF technology file because the via resistance specification is missing. A default of 4 Ohms will be used as via resistance between these layers.
Type 'man IMPEXT-2773' for more detail.
**WARN: (IMPEXT-2773):	The via resistance between layers M3 and M4 could not be determined from the LEF technology file because the via resistance specification is missing. A default of 4 Ohms will be used as via resistance between these layers.
Type 'man IMPEXT-2773' for more detail.
**WARN: (IMPEXT-2773):	The via resistance between layers M4 and M5 could not be determined from the LEF technology file because the via resistance specification is missing. A default of 4 Ohms will be used as via resistance between these layers.
Type 'man IMPEXT-2773' for more detail.
**WARN: (IMPEXT-2773):	The via resistance between layers M5 and M6 could not be determined from the LEF technology file because the via resistance specification is missing. A default of 4 Ohms will be used as via resistance between these layers.
Type 'man IMPEXT-2773' for more detail.
**WARN: (IMPEXT-2773):	The via resistance between layers M6 and M7 could not be determined from the LEF technology file because the via resistance specification is missing. A default of 4 Ohms will be used as via resistance between these layers.
Type 'man IMPEXT-2773' for more detail.
**WARN: (IMPEXT-2773):	The via resistance between layers M7 and M8 could not be determined from the LEF technology file because the via resistance specification is missing. A default of 4 Ohms will be used as via resistance between these layers.
Type 'man IMPEXT-2773' for more detail.
**WARN: (IMPEXT-2773):	The via resistance between layers M8 and M9 could not be determined from the LEF technology file because the via resistance specification is missing. A default of 4 Ohms will be used as via resistance between these layers.
Type 'man IMPEXT-2773' for more detail.
**WARN: (EMS-27):	Message (IMPEXT-2773) has exceeded the current message display limit of 20.
To increase the message display limit, refer to the product command reference manual.
**WARN: (IMPEXT-2766):	The sheet resistance for layer M1 is not defined in the cap table. Therefore, the LEF value 0.0736 will be used instead. To avoid this message, update the relevant cap table to include the sheet resistance for the specified layer and read it back in.
**WARN: (IMPEXT-2766):	The sheet resistance for layer M2 is not defined in the cap table. Therefore, the LEF value 0.0604 will be used instead. To avoid this message, update the relevant cap table to include the sheet resistance for the specified layer and read it back in.
**WARN: (IMPEXT-2766):	The sheet resistance for layer M3 is not defined in the cap table. Therefore, the LEF value 0.0604 will be used instead. To avoid this message, update the relevant cap table to include the sheet resistance for the specified layer and read it back in.
**WARN: (IMPEXT-2766):	The sheet resistance for layer M4 is not defined in the cap table. Therefore, the LEF value 0.0604 will be used instead. To avoid this message, update the relevant cap table to include the sheet resistance for the specified layer and read it back in.
**WARN: (IMPEXT-2766):	The sheet resistance for layer M5 is not defined in the cap table. Therefore, the LEF value 0.0604 will be used instead. To avoid this message, update the relevant cap table to include the sheet resistance for the specified layer and read it back in.
**WARN: (IMPEXT-2766):	The sheet resistance for layer M6 is not defined in the cap table. Therefore, the LEF value 0.0604 will be used instead. To avoid this message, update the relevant cap table to include the sheet resistance for the specified layer and read it back in.
**WARN: (IMPEXT-2766):	The sheet resistance for layer M7 is not defined in the cap table. Therefore, the LEF value 0.0604 will be used instead. To avoid this message, update the relevant cap table to include the sheet resistance for the specified layer and read it back in.
**WARN: (IMPEXT-2766):	The sheet resistance for layer M8 is not defined in the cap table. Therefore, the LEF value 0.0214 will be used instead. To avoid this message, update the relevant cap table to include the sheet resistance for the specified layer and read it back in.
**WARN: (IMPEXT-2766):	The sheet resistance for layer M9 is not defined in the cap table. Therefore, the LEF value 0.0214 will be used instead. To avoid this message, update the relevant cap table to include the sheet resistance for the specified layer and read it back in.
**WARN: (EMS-27):	Message (IMPEXT-2766) has exceeded the current message display limit of 20.
To increase the message display limit, refer to the product command reference manual.
Summary of Active RC-Corners : 
 
 Analysis View: worst_case
    RC-Corner Name        : rc_best
    RC-Corner Index       : 0
    RC-Corner Temperature : 25 Celsius
    RC-Corner Cap Table   : ''
    RC-Corner PreRoute Res Factor         : 1
    RC-Corner PreRoute Cap Factor         : 1
    RC-Corner PostRoute Res Factor        : 1 {1 1 1}
    RC-Corner PostRoute Cap Factor        : 1 {1 1 1}
    RC-Corner PostRoute XCap Factor       : 1 {1 1 1}
    RC-Corner PreRoute Clock Res Factor   : 1	[Derived from Cap Table]
    RC-Corner PreRoute Clock Cap Factor   : 1	[Derived from Cap Table]
    RC-Corner PostRoute Clock Cap Factor  : 1 {1 1 1} 	[Derived from postRoute_cap (effortLevel low)]
    RC-Corner PostRoute Clock Res Factor  : 1 {1 1 1} 	[Derived from postRoute_res (effortLevel low)]
    RC-Corner PostRoute Clock coupling capacitance Factor : 1 {1 1 1} 
 
 Analysis View: best_case
    RC-Corner Name        : rc_worst
    RC-Corner Index       : 1
    RC-Corner Temperature : 25 Celsius
    RC-Corner Cap Table   : ''
    RC-Corner PreRoute Res Factor         : 1
    RC-Corner PreRoute Cap Factor         : 1
    RC-Corner PostRoute Res Factor        : 1 {1 1 1}
    RC-Corner PostRoute Cap Factor        : 1 {1 1 1}
    RC-Corner PostRoute XCap Factor       : 1 {1 1 1}
    RC-Corner PreRoute Clock Res Factor   : 1	[Derived from Cap Table]
    RC-Corner PreRoute Clock Cap Factor   : 1	[Derived from Cap Table]
    RC-Corner PostRoute Clock Cap Factor  : 1 {1 1 1} 	[Derived from postRoute_cap (effortLevel low)]
    RC-Corner PostRoute Clock Res Factor  : 1 {1 1 1} 	[Derived from postRoute_res (effortLevel low)]
    RC-Corner PostRoute Clock coupling capacitance Factor : 1 {1 1 1} 
Updating RC grid for preRoute extraction ...
Initializing multi-corner resistance tables ...
*Info: initialize multi-corner CTS.
Reading timing constraints file '../Synthesis/netlist/genus_alu_32bit.sdc' ...
Current (total cpu=0:00:24.6, real=0:01:05, peak res=1400.2M, current mem=1400.2M)
**WARN: (TCLCMD-1461):	Skipped unsupported command: set_units (File ../Synthesis/netlist/genus_alu_32bit.sdc, Line 9).

**WARN: (TCLCMD-1461):	Skipped unsupported command: set_units (File ../Synthesis/netlist/genus_alu_32bit.sdc, Line 10).

alu_32bit
**WARN: (TCLCMD-1142):	Virtual clock 'clk' is being created with no source objects. (File ../Synthesis/netlist/genus_alu_32bit.sdc, Line 15).

INFO (CTE): Reading of timing constraints file ../Synthesis/netlist/genus_alu_32bit.sdc completed, with 3 WARNING
Ending "Constraint file reading stats" (total cpu=0:00:00.1, real=0:00:00.0, peak res=1421.4M, current mem=1421.4M)
Current (total cpu=0:00:24.6, real=0:01:05, peak res=1421.4M, current mem=1421.4M)
Total number of combinational cells: 318
Total number of sequential cells: 152
Total number of tristate cells: 10
Total number of level shifter cells: 0
Total number of power gating cells: 0
Total number of isolation cells: 0
Total number of power switch cells: 0
Total number of pulse generator cells: 0
Total number of always on buffers: 0
Total number of retention cells: 0
Total number of physical cells: 9
List of usable buffers: BUFX2 BUFX12 BUFX16 BUFX20 CLKBUFX2 BUFX3 BUFX4 BUFX6 BUFX8 CLKBUFX12 CLKBUFX16 CLKBUFX20 CLKBUFX3 CLKBUFX4 CLKBUFX6 CLKBUFX8
Total number of usable buffers: 16
List of unusable buffers:
Total number of unusable buffers: 0
List of usable inverters: CLKINVX1 CLKINVX2 CLKINVX12 CLKINVX16 CLKINVX20 CLKINVX4 CLKINVX3 CLKINVX6 CLKINVX8 INVX1 INVX2 INVX12 INVX16 INVX20 INVXL INVX3 INVX4 INVX6 INVX8
Total number of usable inverters: 19
List of unusable inverters:
Total number of unusable inverters: 0
List of identified usable delay cells: DLY1X1 DLY1X4 DLY2X1 DLY2X4 DLY3X1 DLY3X4 DLY4X1 DLY4X4
Total number of identified usable delay cells: 8
List of identified unusable delay cells:
Total number of identified unusable delay cells: 0

*** Summary of all messages that are not suppressed in this session:
Severity  ID               Count  Summary                                  
WARNING   IMPLF-200            1  Pin '%s' in macro '%s' has no ANTENNAGAT...
WARNING   IMPFP-3961           2  The techSite '%s' has no related standar...
WARNING   IMPEXT-2766         22  The sheet resistance for layer %s is not...
WARNING   IMPEXT-2773         22  The via resistance between layers %s and...
WARNING   TCLCMD-1142          1  Virtual clock '%s' is being created with...
WARNING   TCLCMD-1461          2  Skipped unsupported command: %s          
WARNING   TECHLIB-302         40  No function defined for cell '%s'. The c...
*** Message Summary: 90 warning(s), 0 error(s)

<CMD> fit
<CMD> getIoFlowFlag
<CMD> setIoFlowFlag 0
<CMD> floorPlan -site CoreSite -r 0.925038639876 0.699934 5 5 5 5
**WARN: (IMPFP-3961):	The techSite 'CornerSite' has no related standard cells in the LEF/OA library. The calculations for this site type cannot be made unless standard cell models of this type exist in the LEF/OA library. Ignore this warning if the SITE is not used by the library. Alternatively, remove the SITE definition for the LEF/OA library to avoid this message.
Type 'man IMPFP-3961' for more detail.
**WARN: (IMPFP-3961):	The techSite 'IOSite' has no related standard cells in the LEF/OA library. The calculations for this site type cannot be made unless standard cell models of this type exist in the LEF/OA library. Ignore this warning if the SITE is not used by the library. Alternatively, remove the SITE definition for the LEF/OA library to avoid this message.
Type 'man IMPFP-3961' for more detail.
Start create_tracks
**WARN: (IMPFP-325):	Floorplan of the design is resized. All current floorplan objects are automatically derived based on specified new floorplan. This may change blocks, fixed standard cells, existing routes and blockages.
<CMD> uiSetTool select
<CMD> getIoFlowFlag
<CMD> fit
<CMD> set sprCreateIeRingOffset 1.0
<CMD> set sprCreateIeRingThreshold 1.0
<CMD> set sprCreateIeRingJogDistance 1.0
<CMD> set sprCreateIeRingLayers {}
<CMD> set sprCreateIeRingOffset 1.0
<CMD> set sprCreateIeRingThreshold 1.0
<CMD> set sprCreateIeRingJogDistance 1.0
<CMD> set sprCreateIeRingLayers {}
<CMD> set sprCreateIeStripeWidth 10.0
<CMD> set sprCreateIeStripeThreshold 1.0
<CMD> set sprCreateIeStripeWidth 10.0
<CMD> set sprCreateIeStripeThreshold 1.0
<CMD> set sprCreateIeRingOffset 1.0
<CMD> set sprCreateIeRingThreshold 1.0
<CMD> set sprCreateIeRingJogDistance 1.0
<CMD> set sprCreateIeRingLayers {}
<CMD> set sprCreateIeStripeWidth 10.0
<CMD> set sprCreateIeStripeThreshold 1.0
<CMD> setAddRingMode -ring_target default -extend_over_row 0 -ignore_rows 0 -avoid_short 0 -skip_crossing_trunks none -stacked_via_top_layer Metal11 -stacked_via_bottom_layer Metal1 -via_using_exact_crossover_size 1 -orthogonal_only true -skip_via_on_pin {  standardcell } -skip_via_on_wire_shape {  noshape }
The ring targets are set to core/block ring wires.
addRing command will consider rows while creating rings.
addRing command will disallow rings to go over rows.
addRing command will ignore shorts while creating rings.
<CMD> addRing -nets {VDD VSS} -type core_rings -follow core -layer {top Metal1 bottom Metal1 left Metal2 right Metal2} -width {top 1 bottom 1 left 1 right 1} -spacing {top 1 bottom 1 left 1 right 1} -offset {top 1 bottom 1 left 1 right 1} -center 0 -threshold 0 -jog_distance 0 -snap_wire_center_to_grid None


viaInitial starts at Sat Dec 13 21:58:23 2025
viaInitial ends at Sat Dec 13 21:58:23 2025
Loading cell geometries (cpu: 0:00:00.0, real: 0:00:00.0, peak mem: 2165.0M)
Ring generation is complete.
vias are now being generated.
addRing created 8 wires.
ViaGen created 8 vias, deleted 0 via to avoid violation.
+--------+----------------+----------------+
|  Layer |     Created    |     Deleted    |
+--------+----------------+----------------+
| Metal1 |        4       |       NA       |
|  Via1  |        8       |        0       |
| Metal2 |        4       |       NA       |
+--------+----------------+----------------+
<CMD> setSrouteMode -viaConnectToShape { noshape }
<CMD> sroute -connect { blockPin padPin padRing corePin floatingStripe } -layerChangeRange { Metal1(1) Metal11(11) } -blockPinTarget { nearestTarget } -padPinPortConnect { allPort oneGeom } -padPinTarget { nearestTarget } -corePinTarget { firstAfterRowEnd } -floatingStripeTarget { blockring padring ring stripe ringpin blockpin followpin } -allowJogging 1 -crossoverViaLayerRange { Metal1(1) Metal11(11) } -nets { VDD VSS } -allowLayerChange 1 -blockPin useLef -targetViaLayerRange { Metal1(1) Metal11(11) }
*** Begin SPECIAL ROUTE on Sat Dec 13 21:58:54 2025 ***
SPECIAL ROUTE ran on directory: /eecs/home/salwan99/Desktop/VLSI4612/RTL-to-GDS_32BitALU/Part2a_32BitALU/PnR
SPECIAL ROUTE ran on machine: ruby (Linux 4.18.0-553.87.1.el8_10.x86_64 Xeon 3.50Ghz)

Begin option processing ...
srouteConnectPowerBump set to false
routeSelectNet set to "VDD VSS"
routeSpecial set to true
srouteBlockPin set to "useLef"
srouteBottomLayerLimit set to 1
srouteBottomTargetLayerLimit set to 1
srouteConnectConverterPin set to false
srouteCrossoverViaBottomLayer set to 1
srouteCrossoverViaTopLayer set to 11
srouteFloatingStripeTarget set to "blockring padring ring stripe ringpin blockpin followpin"
srouteFollowCorePinEnd set to 3
srouteJogControl set to "preferWithChanges differentLayer"
srouteNoViaOnWireShape set to "padring ring stripe blockring blockpin coverpin blockwire corewire followpin iowire"
sroutePadPinAllPorts set to true
sroutePreserveExistingRoutes set to true
srouteRoutePowerBarPortOnBothDir set to true
srouteStopBlockPin set to "nearestTarget"
srouteTopLayerLimit set to 11
srouteTopTargetLayerLimit set to 11
End option processing: cpu: 0:00:00, real: 0:00:00, peak: 3694.00 megs.

Reading DB technology information...
Finished reading DB technology information.
Reading floorplan and netlist information...
Finished reading floorplan and netlist information.
Read in 24 layers, 11 routing layers, 1 overlap layer
Read in 2 nondefault rules, 0 used
Read in 583 macros, 26 used
Read in 26 components
  26 core components: 26 unplaced, 0 placed, 0 fixed
Read in 102 logical pins
Read in 102 nets
Read in 2 special nets, 2 routed
2 nets selected.

Begin power routing ...
**WARN: (IMPSR-1253):	Unable to find any standard cell pin connected to the VDD net.
 Run the globalNetConnect command or change the CPF file to ensure that the netlist reflects the correct power ground connections. The standard cell pins must be defined as 'USE POWER' or 'USE GROUND' for the connection.
**WARN: (IMPSR-1254):	Unable to connect the specified objects, since block pins of the VDD net were not found in the design. Check netlist or change the parameter value to include block pins in the design.
**WARN: (IMPSR-1256):	Unable to find any CORE class pad pin of the VDD net due to unavailability of the pin or check netlist in the routing area or layer. Change routing area or layer to include the expected pin or check netlist. Alternatively, change port class in the technology file.
Type 'man IMPSR-1256' for more detail.
Cannot find any AREAIO class pad pin of net VDD. Check net list, or change port class in the technology file, or change option to include pin in given range.
**WARN: (IMPSR-1253):	Unable to find any standard cell pin connected to the VSS net.
 Run the globalNetConnect command or change the CPF file to ensure that the netlist reflects the correct power ground connections. The standard cell pins must be defined as 'USE POWER' or 'USE GROUND' for the connection.
**WARN: (IMPSR-1254):	Unable to connect the specified objects, since block pins of the VSS net were not found in the design. Check netlist or change the parameter value to include block pins in the design.
**WARN: (IMPSR-1256):	Unable to find any CORE class pad pin of the VSS net due to unavailability of the pin or check netlist in the routing area or layer. Change routing area or layer to include the expected pin or check netlist. Alternatively, change port class in the technology file.
Type 'man IMPSR-1256' for more detail.
Cannot find any AREAIO class pad pin of net VSS. Check net list, or change port class in the technology file, or change option to include pin in given range.
**WARN: (IMPSR-468):	Cannot find any standard cell pin connected to net VDD.
Use setSrouteMode -corePinReferenceMacro <standard cell> to specify a reference macro for followpin connection, or run globalNetConnect command or change CPF file to make sure that the netlist reflects the correct power ground connections. The standard cell pins must be defined as "USE POWER" or "USE GROUND".
**WARN: (IMPSR-468):	Cannot find any standard cell pin connected to net VDD.
Use setSrouteMode -corePinReferenceMacro <standard cell> to specify a reference macro for followpin connection, or run globalNetConnect command or change CPF file to make sure that the netlist reflects the correct power ground connections. The standard cell pins must be defined as "USE POWER" or "USE GROUND".
**WARN: (IMPSR-468):	Cannot find any standard cell pin connected to net VSS.
Use setSrouteMode -corePinReferenceMacro <standard cell> to specify a reference macro for followpin connection, or run globalNetConnect command or change CPF file to make sure that the netlist reflects the correct power ground connections. The standard cell pins must be defined as "USE POWER" or "USE GROUND".
**WARN: (IMPSR-468):	Cannot find any standard cell pin connected to net VSS.
Use setSrouteMode -corePinReferenceMacro <standard cell> to specify a reference macro for followpin connection, or run globalNetConnect command or change CPF file to make sure that the netlist reflects the correct power ground connections. The standard cell pins must be defined as "USE POWER" or "USE GROUND".
**WARN: (IMPSR-468):	Cannot find any standard cell pin connected to net VDD.
Use setSrouteMode -corePinReferenceMacro <standard cell> to specify a reference macro for followpin connection, or run globalNetConnect command or change CPF file to make sure that the netlist reflects the correct power ground connections. The standard cell pins must be defined as "USE POWER" or "USE GROUND".
**WARN: (IMPSR-468):	Cannot find any standard cell pin connected to net VSS.
Use setSrouteMode -corePinReferenceMacro <standard cell> to specify a reference macro for followpin connection, or run globalNetConnect command or change CPF file to make sure that the netlist reflects the correct power ground connections. The standard cell pins must be defined as "USE POWER" or "USE GROUND".
**WARN: (IMPSR-468):	Cannot find any standard cell pin connected to net VDD.
Use setSrouteMode -corePinReferenceMacro <standard cell> to specify a reference macro for followpin connection, or run globalNetConnect command or change CPF file to make sure that the netlist reflects the correct power ground connections. The standard cell pins must be defined as "USE POWER" or "USE GROUND".
CPU time for VDD FollowPin 0 seconds
**WARN: (IMPSR-468):	Cannot find any standard cell pin connected to net VSS.
Use setSrouteMode -corePinReferenceMacro <standard cell> to specify a reference macro for followpin connection, or run globalNetConnect command or change CPF file to make sure that the netlist reflects the correct power ground connections. The standard cell pins must be defined as "USE POWER" or "USE GROUND".
CPU time for VSS FollowPin 0 seconds
  Number of IO ports routed: 0
  Number of Block ports routed: 0
  Number of Stripe ports routed: 0
  Number of Core ports routed: 42
  Number of Pad ports routed: 0
  Number of Power Bump ports routed: 0
  Number of Followpin connections: 21
End power routing: cpu: 0:00:00, real: 0:00:00, peak: 3728.00 megs.



 Begin updating DB with routing results ...
 Updating DB with 0 via definition ...Extracting standard cell pins and blockage ...... 
Pin and blockage extraction finished

sroute created 63 wires.
ViaGen created 42 vias, deleted 0 via to avoid violation.
+--------+----------------+----------------+
|  Layer |     Created    |     Deleted    |
+--------+----------------+----------------+
| Metal1 |       63       |       NA       |
|  Via1  |       42       |        0       |
+--------+----------------+----------------+
<CMD> setRouteMode -earlyGlobalHonorMsvRouteConstraint false -earlyGlobalRoutePartitionPinGuide true
<CMD> setEndCapMode -reset
<CMD> setEndCapMode -boundary_tap false
<CMD> setNanoRouteMode -quiet -droutePostRouteSpreadWire 1
<CMD> setNanoRouteMode -quiet -droutePostRouteWidenWireRule LEFSpecialRouteSpec
<CMD> setNanoRouteMode -quiet -timingEngine {}
<CMD> setUsefulSkewMode -noBoundary false -maxAllowedDelay 1
**WARN: (IMPTCM-125):	Option "-modulePlan" for command getPlaceMode is obsolete and will be ignored. It no longer has any effect and should be removed from your script.
<CMD> setPlaceMode -reset
<CMD> setPlaceMode -congEffort auto -timingDriven 1 -modulePlan 1 -clkGateAware 0 -powerDriven 0 -ignoreScan 1 -reorderScan 1 -ignoreSpare 1 -placeIOPins 1 -moduleAwareSpare 0 -checkPinLayerForAccess {  1 } -preserveRouting 0 -rmAffectedRouting 0 -checkRoute 0 -swapEEQ 0
**WARN: (IMPTCM-125):	Option "-modulePlan" for command setPlaceMode is obsolete and will be ignored. It no longer has any effect and should be removed from your script.
**WARN: (IMPTCM-125):	Option "-checkPinLayerForAccess" for command setPlaceMode is obsolete and will be ignored. It no longer has any effect and should be removed from your script.
<CMD> setPlaceMode -fp false
<CMD> place_design
*** placeDesign #1 [begin] : totSession cpu/real = 0:00:42.5/0:04:00.7 (0.2), mem = 2192.8M
AAE_INFO: opIsDesignInPostRouteState() is 0
AAE DB initialization (MEM=2206.18 CPU=0:00:00.0 REAL=0:00:00.0) 
#################################################################################
# Design Stage: PreRoute
# Design Name: alu_32bit
# Design Mode: 90nm
# Analysis Mode: MMMC Non-OCV 
# Parasitics Mode: No SPEF/RCDB 
# Signoff Settings: SI Off 
#################################################################################
Calculate delays in BcWc mode...
Start delay calculation (fullDC) (1 T). (MEM=2279.26)
Total number of fetched objects 468
End delay calculation. (MEM=2443.87 CPU=0:00:00.1 REAL=0:00:00.0)
End delay calculation (fullDC). (MEM=2443.87 CPU=0:00:00.2 REAL=0:00:00.0)
Extracting standard cell pins and blockage ...... 
Pin and blockage extraction finished
*** Starting placeDesign default flow ***
*** Start deleteBufferTree ***
Info: Detect buffers to remove automatically.
Analyzing netlist ...
Updating netlist

*summary: 65 instances (buffers/inverters) removed
*** Finish deleteBufferTree (0:00:00.1) ***
**INFO: Enable pre-place timing setting for timing analysis
Set Using Default Delay Limit as 101.
**WARN: (IMPDC-1629):	The default delay limit was set to 101. This is less than the default of 1000 and may result in inaccurate delay calculation for nets with a fanout higher than the setting.  If needed, the default delay limit may be adjusted by running the command 'set delaycal_use_default_delay_limit'.
Set Default Net Delay as 0 ps.
Set Default Net Load as 0 pF. 
Set Default Input Pin Transition as 1 ps.
**INFO: Analyzing IO path groups for slack adjustment
AAE_INFO: opIsDesignInPostRouteState() is 0
#################################################################################
# Design Stage: PreRoute
# Design Name: alu_32bit
# Design Mode: 90nm
# Analysis Mode: MMMC Non-OCV 
# Parasitics Mode: No SPEF/RCDB 
# Signoff Settings: SI Off 
#################################################################################
Calculate delays in BcWc mode...
Start delay calculation (fullDC) (1 T). (MEM=2436.12)
Total number of fetched objects 403
End delay calculation. (MEM=2487.33 CPU=0:00:00.1 REAL=0:00:00.0)
End delay calculation (fullDC). (MEM=2487.33 CPU=0:00:00.1 REAL=0:00:00.0)
**INFO: Disable pre-place timing setting for timing analysis
Set Using Default Delay Limit as 1000.
Set Default Net Delay as 1000 ps.
Set Default Input Pin Transition as 0.1 ps.
Set Default Net Load as 0.5 pF. 
**INFO: Pre-place timing setting for timing analysis already disabled
Deleted 0 physical inst  (cell - / prefix -).
INFO: #ExclusiveGroups=0
INFO: There are no Exclusive Groups.
*** Starting "NanoPlace(TM) placement v#7 (mem=2477.8M)" ...
*** Build Buffered Sizing Timing Model
(cpu=0:00:02.0 mem=2485.8M) ***
*** Build Virtual Sizing Timing Model
(cpu=0:00:02.1 mem=2485.8M) ***
No user-set net weight.
Net fanout histogram:
2		: 321 (79.7%) nets
3		: 4 (1.0%) nets
4     -	14	: 68 (16.9%) nets
15    -	39	: 10 (2.5%) nets
40    -	79	: 0 (0.0%) nets
80    -	159	: 0 (0.0%) nets
160   -	319	: 0 (0.0%) nets
320   -	639	: 0 (0.0%) nets
640   -	1279	: 0 (0.0%) nets
1280  -	2559	: 0 (0.0%) nets
2560  -	5119	: 0 (0.0%) nets
5120+		: 0 (0.0%) nets
Options: timingDriven ignoreScan ignoreSpare pinGuide congEffort=auto gpeffort=medium 
**WARN: (IMPSP-9042):	Scan chains were not defined, -place_global_ignore_scan option will be ignored.
Define the scan chains before using this option.
Type 'man IMPSP-9042' for more detail.
#std cell=302 (0 fixed + 302 movable) #buf cell=0 #inv cell=35 #block=0 (0 floating + 0 preplaced)
#ioInst=0 #net=403 #term=1385 #term/net=3.44, #fixedIo=0, #floatIo=0, #fixedPin=0, #floatPin=102
stdCell: 302 single + 0 double + 0 multi
Total standard cell length = 0.3802 (mm), area = 0.0007 (mm^2)
Estimated cell power/ground rail width = 0.160 um
Average module density = 0.466.
Density for the design = 0.466.
       = stdcell_area 1901 sites (650 um^2) / alloc_area 4080 sites (1395 um^2).
Pin Density = 0.3395.
            = total # of pins 1385 / total area 4080.
=== lastAutoLevel = 6 
Iteration  1: Total net bbox = 1.408e-12 (1.41e-12 0.00e+00)
              Est.  stn bbox = 1.618e-12 (1.62e-12 0.00e+00)
              cpu = 0:00:00.0 real = 0:00:00.0 mem = 2646.4M
Iteration  2: Total net bbox = 1.408e-12 (1.41e-12 0.00e+00)
              Est.  stn bbox = 1.618e-12 (1.62e-12 0.00e+00)
              cpu = 0:00:00.0 real = 0:00:00.0 mem = 2646.4M
Iteration  3: Total net bbox = 1.861e+00 (1.02e+00 8.40e-01)
              Est.  stn bbox = 2.586e+00 (1.43e+00 1.15e+00)
              cpu = 0:00:00.0 real = 0:00:00.0 mem = 2664.8M
Active setup views:
    worst_case
Iteration  4: Total net bbox = 7.916e+02 (3.98e+02 3.94e+02)
              Est.  stn bbox = 1.279e+03 (6.59e+02 6.20e+02)
              cpu = 0:00:00.1 real = 0:00:00.0 mem = 2664.8M
Iteration  5: Total net bbox = 1.258e+03 (7.40e+02 5.18e+02)
              Est.  stn bbox = 1.944e+03 (1.12e+03 8.23e+02)
              cpu = 0:00:00.1 real = 0:00:00.0 mem = 2664.8M
Iteration  6: Total net bbox = 1.860e+03 (9.68e+02 8.92e+02)
              Est.  stn bbox = 2.596e+03 (1.37e+03 1.22e+03)
              cpu = 0:00:00.1 real = 0:00:00.0 mem = 2681.8M
Iteration  7: Total net bbox = 2.209e+03 (1.17e+03 1.04e+03)
              Est.  stn bbox = 2.952e+03 (1.58e+03 1.37e+03)
              cpu = 0:00:00.3 real = 0:00:01.0 mem = 2681.8M
Iteration  8: Total net bbox = 2.019e+03 (1.05e+03 9.68e+02)
              Est.  stn bbox = 2.708e+03 (1.42e+03 1.29e+03)
              cpu = 0:00:00.2 real = 0:00:00.0 mem = 2698.8M
Iteration  9: Total net bbox = 3.201e+03 (1.62e+03 1.58e+03)
              Est.  stn bbox = 4.041e+03 (2.05e+03 1.99e+03)
              cpu = 0:00:00.0 real = 0:00:00.0 mem = 2682.8M
Iteration 10: Total net bbox = 3.201e+03 (1.62e+03 1.58e+03)
              Est.  stn bbox = 4.041e+03 (2.05e+03 1.99e+03)
              cpu = 0:00:00.0 real = 0:00:00.0 mem = 2682.8M
*** cost = 3.201e+03 (1.62e+03 1.58e+03) (cpu for global=0:00:00.8) real=0:00:02.0***
Solver runtime cpu: 0:00:00.8 real: 0:00:00.8
Core Placement runtime cpu: 0:00:00.8 real: 0:00:02.0
**WARN: (IMPSP-9025):	No scan chain specified/traced.
Type 'man IMPSP-9025' for more detail.
*** Starting refinePlace (0:00:47.3 mem=2682.8M) ***
Total net bbox length = 3.241e+03 (1.604e+03 1.637e+03) (ext = 1.096e+03)
Move report: Detail placement moves 302 insts, mean move: 0.35 um, max move: 5.08 um 
	Max move on inst (g8234): (34.32, 17.10) --> (39.40, 17.10)
	Runtime: CPU: 0:00:00.0 REAL: 0:00:00.0 MEM: 2650.8MB
Summary Report:
Instances move: 302 (out of 302 movable)
Instances flipped: 0
Mean displacement: 0.35 um
Max displacement: 5.08 um (Instance: g8234) (34.3205, 17.104) -> (39.4, 17.1)
	Length: 2 sites, height: 1 rows, site name: CoreSite, cell type: INVX1
Total net bbox length = 3.237e+03 (1.591e+03 1.646e+03) (ext = 1.085e+03)
Runtime: CPU: 0:00:00.0 REAL: 0:00:00.0 MEM: 2650.8MB
*** Finished refinePlace (0:00:47.4 mem=2650.8M) ***
*** End of Placement (cpu=0:00:03.3, real=0:00:04.0, mem=2650.8M) ***
default core: bins with density > 0.750 =  0.00 % ( 0 / 6 )
Density distribution unevenness ratio = 4.624%
*** Free Virtual Timing Model ...(mem=2666.8M)
Starting IO pin assignment...
The design is not routed. Using placement based method for pin assignment.
Completed IO pin assignment.
**INFO: Enable pre-place timing setting for timing analysis
Set Using Default Delay Limit as 101.
**WARN: (IMPDC-1629):	The default delay limit was set to 101. This is less than the default of 1000 and may result in inaccurate delay calculation for nets with a fanout higher than the setting.  If needed, the default delay limit may be adjusted by running the command 'set delaycal_use_default_delay_limit'.
Set Default Net Delay as 0 ps.
Set Default Net Load as 0 pF. 
**INFO: Analyzing IO path groups for slack adjustment
AAE_INFO: opIsDesignInPostRouteState() is 0
#################################################################################
# Design Stage: PreRoute
# Design Name: alu_32bit
# Design Mode: 90nm
# Analysis Mode: MMMC Non-OCV 
# Parasitics Mode: No SPEF/RCDB 
# Signoff Settings: SI Off 
#################################################################################
Calculate delays in BcWc mode...
Start delay calculation (fullDC) (1 T). (MEM=2655.28)
Total number of fetched objects 403
End delay calculation. (MEM=2714.49 CPU=0:00:00.1 REAL=0:00:00.0)
End delay calculation (fullDC). (MEM=2714.49 CPU=0:00:00.1 REAL=0:00:00.0)
**INFO: Disable pre-place timing setting for timing analysis
Set Using Default Delay Limit as 1000.
Set Default Net Delay as 1000 ps.
Set Default Net Load as 0.5 pF. 
Info: Disable timing driven in postCTS congRepair.

Starting congRepair ...
[NR-eGR] Track table information for default rule: 
[NR-eGR] Metal1 has single uniform track structure
[NR-eGR] Metal2 has single uniform track structure
[NR-eGR] Metal3 has single uniform track structure
[NR-eGR] Metal4 has single uniform track structure
[NR-eGR] Metal5 has single uniform track structure
[NR-eGR] Metal6 has single uniform track structure
[NR-eGR] Metal7 has single uniform track structure
[NR-eGR] Metal8 has single uniform track structure
[NR-eGR] Metal9 has single uniform track structure
[NR-eGR] Metal10 has single uniform track structure
[NR-eGR] Metal11 has single uniform track structure
[NR-eGR] Read 54 PG shapes
[NR-eGR] Read 0 clock shapes
[NR-eGR] Read 0 other shapes
[NR-eGR] #Routing Blockages  : 0
[NR-eGR] #Instance Blockages : 0
[NR-eGR] #PG Blockages       : 54
[NR-eGR] #Halo Blockages     : 0
[NR-eGR] #Boundary Blockages : 0
[NR-eGR] #Clock Blockages    : 0
[NR-eGR] #Other Blockages    : 0
[NR-eGR] Num Prerouted Nets = 0  Num Prerouted Wires = 0
[NR-eGR] Read 403 nets ( ignored 0 )
[NR-eGR] ============ Routing rule table ============
[NR-eGR] Rule id: 0  Nets: 403
[NR-eGR] ========================================
[NR-eGR] 
[NR-eGR] Layer group 1: route 403 net(s) in layer range [2, 11]
[NR-eGR] Early Global Route overflow of layer group 1: 0.00% H + 0.00% V. EstWL: 4.080060e+03um
[NR-eGR] Congestion Analysis By layer: (blocked Gcells are excluded) 
[NR-eGR]                        OverCon            
[NR-eGR]                         #Gcell     %Gcell
[NR-eGR]        Layer             (1-0)    OverCon
[NR-eGR] ----------------------------------------------
[NR-eGR]  Metal1 ( 1)         0( 0.00%)   ( 0.00%) 
[NR-eGR]  Metal2 ( 2)         0( 0.00%)   ( 0.00%) 
[NR-eGR]  Metal3 ( 3)         0( 0.00%)   ( 0.00%) 
[NR-eGR]  Metal4 ( 4)         0( 0.00%)   ( 0.00%) 
[NR-eGR]  Metal5 ( 5)         0( 0.00%)   ( 0.00%) 
[NR-eGR]  Metal6 ( 6)         0( 0.00%)   ( 0.00%) 
[NR-eGR]  Metal7 ( 7)         0( 0.00%)   ( 0.00%) 
[NR-eGR]  Metal8 ( 8)         0( 0.00%)   ( 0.00%) 
[NR-eGR]  Metal9 ( 9)         0( 0.00%)   ( 0.00%) 
[NR-eGR] Metal10 (10)         0( 0.00%)   ( 0.00%) 
[NR-eGR] Metal11 (11)         0( 0.00%)   ( 0.00%) 
[NR-eGR] ----------------------------------------------
[NR-eGR]        Total         0( 0.00%)   ( 0.00%) 
[NR-eGR] 
[NR-eGR] Overflow after Early Global Route 0.00% H + 0.00% V
Early Global Route congestion estimation runtime: 0.02 seconds, mem = 2713.0M
Local HotSpot Analysis: normalized max congestion hotspot area = 0.00, normalized total congestion hotspot area = 0.00 (area is in unit of 4 std-cell row bins)
Skipped repairing congestion.
[NR-eGR]                  Length (um)  Vias 
[NR-eGR] -----------------------------------
[NR-eGR]  Metal1   (1H)             0  1283 
[NR-eGR]  Metal2   (2V)          2051  1889 
[NR-eGR]  Metal3   (3H)          2084    78 
[NR-eGR]  Metal4   (4V)           161    22 
[NR-eGR]  Metal5   (5H)           111     3 
[NR-eGR]  Metal6   (6V)            11     2 
[NR-eGR]  Metal7   (7H)            34     0 
[NR-eGR]  Metal8   (8V)             0     0 
[NR-eGR]  Metal9   (9H)             0     0 
[NR-eGR]  Metal10  (10V)            0     0 
[NR-eGR]  Metal11  (11H)            0     0 
[NR-eGR] -----------------------------------
[NR-eGR]           Total         4452  3277 
[NR-eGR] --------------------------------------------------------------------------
[NR-eGR] Total half perimeter of net bounding box: 3203um
[NR-eGR] Total length: 4452um, number of vias: 3277
[NR-eGR] --------------------------------------------------------------------------
[NR-eGR] Total eGR-routed clock nets wire length: 0um, number of vias: 0
[NR-eGR] --------------------------------------------------------------------------
Early Global Route wiring runtime: 0.01 seconds, mem = 2729.0M
Tdgp not successfully inited but do clear! skip clearing
End of congRepair (cpu=0:00:00.0, real=0:00:00.0)
*** Finishing placeDesign default flow ***
**placeDesign ... cpu = 0: 0: 5, real = 0: 0: 6, mem = 2680.0M **
Tdgp not successfully inited but do clear! skip clearing

*** Summary of all messages that are not suppressed in this session:
Severity  ID               Count  Summary                                  
WARNING   IMPDC-1629           2  The default delay limit was set to %d. T...
WARNING   IMPSP-9025           1  No scan chain specified/traced.          
WARNING   IMPSP-9042           1  Scan chains were not defined, -place_glo...
*** Message Summary: 4 warning(s), 0 error(s)

*** placeDesign #1 [finish] : cpu/real = 0:00:05.4/0:00:06.5 (0.8), totSession cpu/real = 0:00:47.8/0:04:07.2 (0.2), mem = 2680.0M
<CMD> setNanoRouteMode -quiet -routeTopRoutingLayer 11
#WARNING (NRIF-91) Option setNanoRouteMode -routeTopRoutingLayer is obsolete. It will continue to work for the current release. To ensure compatibility with future releases, use option setDesignMode -topRoutingLayer instead.
<CMD> setNanoRouteMode -quiet -routeBottomRoutingLayer 1
#WARNING (NRIF-90) Option setNanoRouteMode -routeBottomRoutingLayer is obsolete. It will continue to work for the current release. To ensure compatibility with future releases, use option setDesignMode -bottomRoutingLayer instead.
<CMD> setNanoRouteMode -quiet -drouteEndIteration 1
<CMD> setNanoRouteMode -quiet -routeWithTimingDriven false
<CMD> setNanoRouteMode -quiet -routeWithSiDriven false
<CMD> routeDesign -globalDetail
#routeDesign: cpu time = 00:00:00, elapsed time = 00:00:00, memory = 2004.75 (MB), peak = 2023.45 (MB)
AAE_INFO: Pre Route call back at the beginning of routeDesign
#**INFO: setDesignMode -flowEffort standard
#**INFO: setDesignMode -powerEffort none
#WARNING (NRIG-96) Selected single pass global detail route "-globalDetail". Clock eco and post optimizations will not be run. See "man NRIG-96" for more details.
**INFO: User settings:
setNanoRouteMode -drouteEndIteration            1
setNanoRouteMode -droutePostRouteSpreadWire     1
setNanoRouteMode -droutePostRouteWidenWireRule  LEFSpecialRouteSpec
setNanoRouteMode -extractThirdPartyCompatible   false
setNanoRouteMode -routeBottomRoutingLayer       1
setNanoRouteMode -routeTopRoutingLayer          11
setNanoRouteMode -routeWithSiDriven             false
setNanoRouteMode -routeWithTimingDriven         false
setNanoRouteMode -timingEngine                  {}
setExtractRCMode -engine                        preRoute
setDelayCalMode -engine                         aae
setDelayCalMode -ignoreNetLoad                  false

#**INFO: multi-cut via swapping will not be performed after routing.
#**INFO: All auto set options tuned by routeDesign will be restored to their original settings on command completion.
Begin checking placement ... (start mem=2680.5M, init mem=2680.5M)
*info: Placed = 302           
*info: Unplaced = 0           
Placement Density:46.59%(650/1395)
Placement Density (including fixed std cells):46.59%(650/1395)
Finished checkPlace (total: cpu=0:00:00.0, real=0:00:00.0; vio checks: cpu=0:00:00.0, real=0:00:00.0; mem=2680.5M)

changeUseClockNetStatus Option :  -noFixedNetWires 
*** Changed status on (0) nets in Clock.
*** End changeUseClockNetStatus (cpu=0:00:00.0, real=0:00:00.0, mem=2680.5M) ***

globalDetailRoute

#Start globalDetailRoute on Sat Dec 13 22:00:21 2025
#
#WARNING (NRIG-1303) The congestion map does not match the GCELL grid. Clearing the map.
#num needed restored net=0
#need_extraction net=0 (total=502)
#WARNING (NRDB-2005) SPECIAL_NET VDD has special wires but no definitions for instance pins or top level pins. This will cause routability problems later.
#WARNING (NRDB-2005) SPECIAL_NET VSS has special wires but no definitions for instance pins or top level pins. This will cause routability problems later.
#NanoRoute Version 21.17-s075_1 NR230308-2354/21_17-UB
#Total number of trivial nets (e.g. < 2 pins) = 99 (skipped).
#Total number of routable nets = 403.
#Total number of nets in the design = 502.
#403 routable nets do not have any wires.
#403 nets will be global routed.
#Start routing data preparation on Sat Dec 13 22:00:21 2025
#
#Minimum voltage of a net in the design = 0.000.
#Maximum voltage of a net in the design = 1.320.
#Voltage range [0.000 - 1.320] has 500 nets.
#Voltage range [0.900 - 1.320] has 1 net.
#Voltage range [0.000 - 0.000] has 1 net.
#Build and mark too close pins for the same net.
#Rebuild pin access data for design.
#Initial pin access analysis.
#Detail pin access analysis.
# Metal1       H   Track-Pitch = 0.19000    Line-2-Via Pitch = 0.13000
# Metal2       V   Track-Pitch = 0.20000    Line-2-Via Pitch = 0.15000
# Metal3       H   Track-Pitch = 0.19000    Line-2-Via Pitch = 0.15000
# Metal4       V   Track-Pitch = 0.20000    Line-2-Via Pitch = 0.15000
# Metal5       H   Track-Pitch = 0.19000    Line-2-Via Pitch = 0.15000
# Metal6       V   Track-Pitch = 0.20000    Line-2-Via Pitch = 0.15000
# Metal7       H   Track-Pitch = 0.19000    Line-2-Via Pitch = 0.15000
# Metal8       V   Track-Pitch = 0.20000    Line-2-Via Pitch = 0.15000
# Metal9       H   Track-Pitch = 0.19000    Line-2-Via Pitch = 0.15000
# Metal10      V   Track-Pitch = 0.50000    Line-2-Via Pitch = 0.42000
# Metal11      H   Track-Pitch = 0.47500    Line-2-Via Pitch = 0.43000
#Bottom routing layer index=1(Metal1), bottom routing layer for shielding=1(Metal1), bottom shield layer=1(Metal1)
#shield_bottom_stripe_layer=1(Metal1), shield_top_stripe_layer=11(Metal11)
#pin_access_rlayer=2(Metal2)
#shield_top_dpt_rlayer=-1 top_rlayer=11 top_trim_metal_rlayer=-1 rlayer_lowest=1 bottom_rlayer=1
#enable_trim_layer_shield=F enable_dpt_layer_shield=F has_line_end_grid=F
#cpu time = 00:00:00, elapsed time = 00:00:00, memory = 2012.53 (MB), peak = 2047.21 (MB)
#Regenerating Ggrids automatically.
#Auto generating G-grids with size=15 tracks, using layer Metal3's pitch = 0.19000.
#Using automatically generated G-grids.
#Done routing data preparation.
#cpu time = 00:00:02, elapsed time = 00:00:02, memory = 2017.34 (MB), peak = 2047.21 (MB)
#
#Finished routing data preparation on Sat Dec 13 22:00:23 2025
#
#Cpu time = 00:00:02
#Elapsed time = 00:00:02
#Increased memory = 10.64 (MB)
#Total memory = 2017.34 (MB)
#Peak memory = 2047.21 (MB)
#
#
#Start global routing on Sat Dec 13 22:00:23 2025
#
#
#Start global routing initialization on Sat Dec 13 22:00:23 2025
#
#Number of eco nets is 0
#
#Start global routing data preparation on Sat Dec 13 22:00:23 2025
#
#Start routing resource analysis on Sat Dec 13 22:00:23 2025
#
#Routing resource analysis is done on Sat Dec 13 22:00:23 2025
#
#  Resource Analysis:
#
#               Routing  #Avail      #Track     #Total     %Gcell
#  Layer      Direction   Track     Blocked      Gcell    Blocked
#  --------------------------------------------------------------
#  Metal1         H          57         177         288    41.32%
#  Metal2         V         224          30         288     0.00%
#  Metal3         H         232           2         288     0.00%
#  Metal4         V         253           1         288     0.00%
#  Metal5         H         233           1         288     0.00%
#  Metal6         V         253           1         288     0.00%
#  Metal7         H         233           1         288     0.00%
#  Metal8         V         254           0         288     0.00%
#  Metal9         H         234           0         288     0.00%
#  Metal10        V         101           0         288     0.00%
#  Metal11        H          93           0         288     0.00%
#  --------------------------------------------------------------
#  Total                   2169       8.10%        3168     3.76%
#
#
#
#
#Global routing data preparation is done on Sat Dec 13 22:00:23 2025
#
#cpu time = 00:00:00, elapsed time = 00:00:00, memory = 2017.34 (MB), peak = 2047.21 (MB)
#
#
#Global routing initialization is done on Sat Dec 13 22:00:23 2025
#
#cpu time = 00:00:00, elapsed time = 00:00:00, memory = 2017.34 (MB), peak = 2047.21 (MB)
#
#start global routing iteration 1...
#cpu time = 00:00:00, elapsed time = 00:00:00, memory = 2018.35 (MB), peak = 2047.21 (MB)
#
#start global routing iteration 2...
#cpu time = 00:00:00, elapsed time = 00:00:00, memory = 2018.35 (MB), peak = 2047.21 (MB)
#
#
#Total number of trivial nets (e.g. < 2 pins) = 99 (skipped).
#Total number of routable nets = 403.
#Total number of nets in the design = 502.
#
#403 routable nets have routed wires.
#
#Routed nets constraints summary:
#-----------------------------
#        Rules   Unconstrained  
#-----------------------------
#      Default             403  
#-----------------------------
#        Total             403  
#-----------------------------
#
#Routing constraints summary of the whole design:
#-----------------------------
#        Rules   Unconstrained  
#-----------------------------
#      Default             403  
#-----------------------------
#        Total             403  
#-----------------------------
#
#
#  Congestion Analysis: (blocked Gcells are excluded)
#
#                 OverCon          
#                  #Gcell    %Gcell
#     Layer           (1)   OverCon
#  --------------------------------
#  Metal1        0(0.00%)   (0.00%)
#  Metal2        0(0.00%)   (0.00%)
#  Metal3        0(0.00%)   (0.00%)
#  Metal4        0(0.00%)   (0.00%)
#  Metal5        0(0.00%)   (0.00%)
#  Metal6        0(0.00%)   (0.00%)
#  Metal7        0(0.00%)   (0.00%)
#  Metal8        0(0.00%)   (0.00%)
#  Metal9        0(0.00%)   (0.00%)
#  Metal10       0(0.00%)   (0.00%)
#  Metal11       0(0.00%)   (0.00%)
#  --------------------------------
#     Total      0(0.00%)   (0.00%)
#
#  The worst congested Gcell overcon (routing demand over resource in number of tracks) = 1
#  Overflow after GR: 0.00% H + 0.00% V
#
#Hotspot report including placement blocked areas
[hotspot] +----------------+-------------------+-------------------+-------------------------------------+
[hotspot] |      layer     |    max hotspot    |   total hotspot   |            hotspot bbox             |
[hotspot] +----------------+-------------------+-------------------+-------------------------------------+
[hotspot] |   Metal1(H)    |              4.00 |              8.00 |     6.83     6.83    27.36    20.52 |
[hotspot] |   Metal2(V)    |              0.00 |              0.00 |   (none)                            |
[hotspot] |   Metal3(H)    |              0.00 |              0.00 |   (none)                            |
[hotspot] |   Metal4(V)    |              0.00 |              0.00 |   (none)                            |
[hotspot] |   Metal5(H)    |              0.00 |              0.00 |   (none)                            |
[hotspot] |   Metal6(V)    |              0.00 |              0.00 |   (none)                            |
[hotspot] |   Metal7(H)    |              0.00 |              0.00 |   (none)                            |
[hotspot] |   Metal8(V)    |              0.00 |              0.00 |   (none)                            |
[hotspot] |   Metal9(H)    |              0.00 |              0.00 |   (none)                            |
[hotspot] |  Metal10(V)    |              0.00 |              0.00 |   (none)                            |
[hotspot] |  Metal11(H)    |              0.00 |              0.00 |   (none)                            |
[hotspot] +----------------+-------------------+-------------------+-------------------------------------+
[hotspot] |      worst     | (Metal1)     4.00 | (Metal1)     8.00 |                                     |
[hotspot] +----------------+-------------------+-------------------+-------------------------------------+
[hotspot] |   all layers   |              0.00 |              0.00 |                                     |
[hotspot] +----------------+-------------------+-------------------+-------------------------------------+
Local HotSpot Analysis (blockage included) (3d): normalized congestion max/total hotspot area = 0.00/0.00 (area is in unit of 4 std-cell row bins)
#Complete Global Routing.
#Total wire length = 3887 um.
#Total half perimeter of net bounding box = 3545 um.
#Total wire length on LAYER Metal1 = 6 um.
#Total wire length on LAYER Metal2 = 1878 um.
#Total wire length on LAYER Metal3 = 1785 um.
#Total wire length on LAYER Metal4 = 111 um.
#Total wire length on LAYER Metal5 = 79 um.
#Total wire length on LAYER Metal6 = 0 um.
#Total wire length on LAYER Metal7 = 28 um.
#Total wire length on LAYER Metal8 = 0 um.
#Total wire length on LAYER Metal9 = 0 um.
#Total wire length on LAYER Metal10 = 0 um.
#Total wire length on LAYER Metal11 = 0 um.
#Total number of vias = 1957
#Up-Via Summary (total 1957):
#           
#-----------------------
# Metal1           1206
# Metal2            707
# Metal3             25
# Metal4             14
# Metal5              3
# Metal6              2
#-----------------------
#                  1957 
#
#Max overcon = 0 track.
#Total overcon = 0.00%.
#Worst layer Gcell overcon rate = 0.00%.
#
#Global routing statistics:
#Cpu time = 00:00:00
#Elapsed time = 00:00:00
#Increased memory = 1.32 (MB)
#Total memory = 2018.66 (MB)
#Peak memory = 2047.21 (MB)
#
#Finished global routing on Sat Dec 13 22:00:23 2025
#
#
#cpu time = 00:00:00, elapsed time = 00:00:00, memory = 2018.66 (MB), peak = 2047.21 (MB)
#Start Track Assignment.
#Done with 539 horizontal wires in 1 hboxes and 520 vertical wires in 1 hboxes.
#Done with 117 horizontal wires in 1 hboxes and 121 vertical wires in 1 hboxes.
#Done with 1 horizontal wires in 1 hboxes and 1 vertical wires in 1 hboxes.
#
#Track assignment summary:
# layer   (wire length)   (overlap)     (long ovlp)	(with obs/pg/clk)  
#------------------------------------------------------------------------
# Metal1         3.53 	  0.00%  	  0.00% 	  0.00%
# Metal2      1886.04 	  0.20%  	  0.00% 	  0.00%
# Metal3      1763.43 	  0.13%  	  0.00% 	  0.00%
# Metal4       111.70 	  0.00%  	  0.00% 	  0.00%
# Metal5        79.97 	  0.00%  	  0.00% 	  0.00%
# Metal6         0.00 	  0.00%  	  0.00% 	  0.00%
# Metal7        28.42 	  0.00%  	  0.00% 	  0.00%
# Metal8         0.00 	  0.00%  	  0.00% 	  0.00%
# Metal9         0.00 	  0.00%  	  0.00% 	  0.00%
# Metal10        0.00 	  0.00%  	  0.00% 	  0.00%
# Metal11        0.00 	  0.00%  	  0.00% 	  0.00%
#------------------------------------------------------------------------
# All        3873.08  	  0.16% 	  0.00% 	  0.00%
#Complete Track Assignment.
#Total wire length = 3868 um.
#Total half perimeter of net bounding box = 3545 um.
#Total wire length on LAYER Metal1 = 3 um.
#Total wire length on LAYER Metal2 = 1873 um.
#Total wire length on LAYER Metal3 = 1773 um.
#Total wire length on LAYER Metal4 = 111 um.
#Total wire length on LAYER Metal5 = 79 um.
#Total wire length on LAYER Metal6 = 0 um.
#Total wire length on LAYER Metal7 = 28 um.
#Total wire length on LAYER Metal8 = 0 um.
#Total wire length on LAYER Metal9 = 0 um.
#Total wire length on LAYER Metal10 = 0 um.
#Total wire length on LAYER Metal11 = 0 um.
#Total number of vias = 1957
#Up-Via Summary (total 1957):
#           
#-----------------------
# Metal1           1206
# Metal2            707
# Metal3             25
# Metal4             14
# Metal5              3
# Metal6              2
#-----------------------
#                  1957 
#
#cpu time = 00:00:00, elapsed time = 00:00:00, memory = 2018.73 (MB), peak = 2047.21 (MB)
#
#Routing data preparation, pin analysis, global routing and track assignment statistics:
#Cpu time = 00:00:02
#Elapsed time = 00:00:02
#Increased memory = 12.29 (MB)
#Total memory = 2018.73 (MB)
#Peak memory = 2047.21 (MB)
#
#Start Detail Routing..
#start initial detail routing ...
#   number of violations = 1
#
#    By Layer and Type :
#	          Short   Totals
#	Metal1        1        1
#	Totals        1        1
#cpu time = 00:00:02, elapsed time = 00:00:02, memory = 2019.91 (MB), peak = 2061.47 (MB)
#start 1st optimization iteration ...
#   number of violations = 0
#cpu time = 00:00:00, elapsed time = 00:00:00, memory = 2019.58 (MB), peak = 2061.47 (MB)
#Complete Detail Routing.
#Total wire length = 4507 um.
#Total half perimeter of net bounding box = 3545 um.
#Total wire length on LAYER Metal1 = 271 um.
#Total wire length on LAYER Metal2 = 2091 um.
#Total wire length on LAYER Metal3 = 1729 um.
#Total wire length on LAYER Metal4 = 284 um.
#Total wire length on LAYER Metal5 = 95 um.
#Total wire length on LAYER Metal6 = 9 um.
#Total wire length on LAYER Metal7 = 29 um.
#Total wire length on LAYER Metal8 = 0 um.
#Total wire length on LAYER Metal9 = 0 um.
#Total wire length on LAYER Metal10 = 0 um.
#Total wire length on LAYER Metal11 = 0 um.
#Total number of vias = 2214
#Up-Via Summary (total 2214):
#           
#-----------------------
# Metal1           1306
# Metal2            822
# Metal3             67
# Metal4             14
# Metal5              3
# Metal6              2
#-----------------------
#                  2214 
#
#Total number of DRC violations = 0
#Cpu time = 00:00:02
#Elapsed time = 00:00:02
#Increased memory = 0.85 (MB)
#Total memory = 2019.58 (MB)
#Peak memory = 2061.47 (MB)
#
#Start Post Route wire spreading..
#
#Start DRC checking..
#   number of violations = 0
#cpu time = 00:00:00, elapsed time = 00:00:00, memory = 2019.62 (MB), peak = 2065.66 (MB)
#CELL_VIEW alu_32bit,init has no DRC violation.
#Total number of DRC violations = 0
#Total number of process antenna violations = 0
#Total number of net violated process antenna rule = 0
#
#Start data preparation for wire spreading...
#
#Data preparation is done on Sat Dec 13 22:00:25 2025
#
#
#Start Post Route Wire Spread.
#Done with 92 horizontal wires in 1 hboxes and 55 vertical wires in 1 hboxes.
#Complete Post Route Wire Spread.
#
#Total wire length = 4563 um.
#Total half perimeter of net bounding box = 3545 um.
#Total wire length on LAYER Metal1 = 273 um.
#Total wire length on LAYER Metal2 = 2111 um.
#Total wire length on LAYER Metal3 = 1761 um.
#Total wire length on LAYER Metal4 = 286 um.
#Total wire length on LAYER Metal5 = 95 um.
#Total wire length on LAYER Metal6 = 9 um.
#Total wire length on LAYER Metal7 = 29 um.
#Total wire length on LAYER Metal8 = 0 um.
#Total wire length on LAYER Metal9 = 0 um.
#Total wire length on LAYER Metal10 = 0 um.
#Total wire length on LAYER Metal11 = 0 um.
#Total number of vias = 2214
#Up-Via Summary (total 2214):
#           
#-----------------------
# Metal1           1306
# Metal2            822
# Metal3             67
# Metal4             14
# Metal5              3
# Metal6              2
#-----------------------
#                  2214 
#
#
#Start DRC checking..
#   number of violations = 0
#cpu time = 00:00:00, elapsed time = 00:00:00, memory = 2019.63 (MB), peak = 2065.66 (MB)
#CELL_VIEW alu_32bit,init has no DRC violation.
#Total number of DRC violations = 0
#Total number of process antenna violations = 0
#Total number of net violated process antenna rule = 0
#   number of violations = 0
#cpu time = 00:00:00, elapsed time = 00:00:00, memory = 2019.63 (MB), peak = 2065.66 (MB)
#CELL_VIEW alu_32bit,init has no DRC violation.
#Total number of DRC violations = 0
#Total number of process antenna violations = 0
#Total number of net violated process antenna rule = 0
#Post Route wire spread is done.
#Total wire length = 4563 um.
#Total half perimeter of net bounding box = 3545 um.
#Total wire length on LAYER Metal1 = 273 um.
#Total wire length on LAYER Metal2 = 2111 um.
#Total wire length on LAYER Metal3 = 1761 um.
#Total wire length on LAYER Metal4 = 286 um.
#Total wire length on LAYER Metal5 = 95 um.
#Total wire length on LAYER Metal6 = 9 um.
#Total wire length on LAYER Metal7 = 29 um.
#Total wire length on LAYER Metal8 = 0 um.
#Total wire length on LAYER Metal9 = 0 um.
#Total wire length on LAYER Metal10 = 0 um.
#Total wire length on LAYER Metal11 = 0 um.
#Total number of vias = 2214
#Up-Via Summary (total 2214):
#           
#-----------------------
# Metal1           1306
# Metal2            822
# Metal3             67
# Metal4             14
# Metal5              3
# Metal6              2
#-----------------------
#                  2214 
#
#detailRoute Statistics:
#Cpu time = 00:00:02
#Elapsed time = 00:00:02
#Increased memory = 0.89 (MB)
#Total memory = 2019.63 (MB)
#Peak memory = 2065.66 (MB)
#
#globalDetailRoute statistics:
#Cpu time = 00:00:04
#Elapsed time = 00:00:04
#Increased memory = 18.55 (MB)
#Total memory = 2025.02 (MB)
#Peak memory = 2065.66 (MB)
#Number of warnings = 3
#Total number of warnings = 6
#Number of fails = 0
#Total number of fails = 0
#Complete globalDetailRoute on Sat Dec 13 22:00:25 2025
#
#Default setup view is reset to worst_case.
#Default setup view is reset to worst_case.
AAE_INFO: Post Route call back at the end of routeDesign
#routeDesign: cpu time = 00:00:04, elapsed time = 00:00:04, memory = 2007.29 (MB), peak = 2065.66 (MB)

*** Summary of all messages that are not suppressed in this session:
Severity  ID               Count  Summary                                  
WARNING   NRDB-2005            4  %s %s has special wires but no definitio...
WARNING   NRIG-1303            2  The congestion map does not match the GC...
WARNING   NRIF-90              1  Option setNanoRouteMode -routeBottomRout...
WARNING   NRIF-91              1  Option setNanoRouteMode -routeTopRouting...
*** Message Summary: 5 warning(s), 0 error(s)

<CMD> getFillerMode -quiet
<CMD> addFiller -cell FILL8 FILL64 FILL4 FILL32 FILL2 FILL16 FILL1 -prefix FILLER
**WARN: (IMPSP-5217):	addFiller command is running on a postRoute database. It is recommended to be followed by ecoRoute -target command to make the DRC clean.
Type 'man IMPSP-5217' for more detail.
*INFO: Adding fillers to top-module.
*INFO:   Added 0 filler inst  (cell FILL64 / prefix FILLER).
*INFO:   Added 2 filler insts (cell FILL32 / prefix FILLER).
*INFO:   Added 5 filler insts (cell FILL16 / prefix FILLER).
*INFO:   Added 112 filler insts (cell FILL8 / prefix FILLER).
*INFO:   Added 168 filler insts (cell FILL4 / prefix FILLER).
*INFO:   Added 165 filler insts (cell FILL2 / prefix FILLER).
*INFO:   Added 137 filler insts (cell FILL1 / prefix FILLER).
*INFO: Total 589 filler insts added - prefix FILLER (CPU: 0:00:00.1).
For 589 new insts, <CMD> getMultiCpuUsage -localCpu
<CMD> get_verify_drc_mode -disable_rules -quiet
<CMD> get_verify_drc_mode -quiet -area
<CMD> get_verify_drc_mode -quiet -layer_range
<CMD> get_verify_drc_mode -check_ndr_spacing -quiet
<CMD> get_verify_drc_mode -check_only -quiet
<CMD> get_verify_drc_mode -check_same_via_cell -quiet
<CMD> get_verify_drc_mode -exclude_pg_net -quiet
<CMD> get_verify_drc_mode -ignore_trial_route -quiet
<CMD> get_verify_drc_mode -max_wrong_way_halo -quiet
<CMD> get_verify_drc_mode -use_min_spacing_on_block_obs -quiet
<CMD> get_verify_drc_mode -limit -quiet
<CMD> set_verify_drc_mode -disable_rules {} -check_ndr_spacing auto -check_only default -check_same_via_cell true -exclude_pg_net true -ignore_trial_route false -ignore_cell_blockage false -use_min_spacing_on_block_obs auto -report alu_32bit.drc.rpt -limit 1000
<CMD> verify_drc
#-check_ndr_spacing auto                 # enums={true false auto}, default=auto,  user setting
#-check_same_via_cell true               # bool, default=false, user setting
#-exclude_pg_net true                    # bool, default=false, user setting
#-report alu_32bit.drc.rpt               # string, default="", user setting
 *** Starting Verify DRC (MEM: 2628.6) ***

  VERIFY DRC ...... Starting Verification
  VERIFY DRC ...... Initializing
  VERIFY DRC ...... Deleting Existing Violations
  VERIFY DRC ...... Creating Sub-Areas
  VERIFY DRC ...... Using new threading

  Verification Complete : 0 Viols.

 *** End Verify DRC (CPU: 0:00:00.1  ELAPSED TIME: 0.00  MEM: 264.1M) ***

<CMD> set_verify_drc_mode -area {0 0 0 0}
<CMD> verifyConnectivity -type all -error 1000 -warning 50
VERIFY_CONNECTIVITY use new engine.

******** Start: VERIFY CONNECTIVITY ********
Start Time: Sat Dec 13 22:06:51 2025

Design Name: alu_32bit
Database Units: 2000
Design Boundary: (0.0000, 0.0000) (50.8000, 44.4600)
Error Limit = 1000; Warning Limit = 50
Check all nets

Begin Summary 
  Found no problems or warnings.
End Summary

End Time: Sat Dec 13 22:06:51 2025
Time Elapsed: 0:00:00.0

******** End: VERIFY CONNECTIVITY ********
  Verification Complete : 0 Viols.  0 Wrngs.
  (CPU Time: 0:00:00.0  MEM: 0.000M)

<CMD> streamOut gds/alu_32bit.gds -mapFile scripts/gpdk045.map -libName DesignLib -merge { scripts/gsclib045.gds } -units 2000 -mode ALL
Merge file: scripts/gsclib045.gds has version number: 5
Parse flat map file...
** NOTE: Created directory path 'gds' for file 'gds/alu_32bit.gds'.
Writing GDSII file ...
	****** db unit per micron = 2000 ******
	****** output gds2 file unit per micron = 2000 ******
	****** unit scaling factor = 1 ******
Output for instance
Output for bump
Output for physical terminals
Output for logical terminals
Output for regular nets
Output for special nets and metal fills
Output for via structure generation total number 16
Statistics for GDS generated (version 5)
----------------------------------------
Stream Out Layer Mapping Information:
GDS Layer Number          GDS Layer Name
----------------------------------------
    59                              COMP
    62                           DIEAREA
    38                            Metal7
    35                            Metal6
    33                            Metal5
    31                            Metal4
    11                            Metal3
    9                             Metal2
    7                             Metal1
    162                          Metal11
    152                          Metal10
    42                            Metal9
    40                            Metal8
    37                              Via6
    30                              Via3
    34                              Via5
    10                              Via2
    32                              Via4
    39                              Via7
    8                               Via1
    6                               Cont
    3                               Poly
    41                              Via8
    151                             Via9
    161                            Via10


Stream Out Information Processed for GDS version 5:
Units: 2000 DBU

Object                             Count
----------------------------------------
Instances                            891

Ports/Pins                           102
    metal layer Metal2                45
    metal layer Metal3                32
    metal layer Metal4                11
    metal layer Metal5                11
    metal layer Metal6                 1
    metal layer Metal7                 2

Nets                                3625
    metal layer Metal1               335
    metal layer Metal2              2171
    metal layer Metal3              1013
    metal layer Metal4                81
    metal layer Metal5                20
    metal layer Metal6                 3
    metal layer Metal7                 2

    Via Instances                   2214

Special Nets                          71
    metal layer Metal1                67
    metal layer Metal2                 4

    Via Instances                     50

Metal Fills                            0

    Via Instances                      0

Metal FillOPCs                         0

    Via Instances                      0

Metal FillDRCs                         0

    Via Instances                      0

Text                                 102
    metal layer Metal2                45
    metal layer Metal3                32
    metal layer Metal4                11
    metal layer Metal5                11
    metal layer Metal6                 1
    metal layer Metal7                 2


Blockages                              0


Custom Text                            0


Custom Box                             0

Trim Metal                             0

Scanning GDS file scripts/gsclib045.gds to register cell name ......
Merging GDS file scripts/gsclib045.gds ......
	****** Merge file: scripts/gsclib045.gds has version number: 5.
	****** Merge file: scripts/gsclib045.gds has units: 2000 per micron.
	****** unit scaling factor = 1 ******
######Streamout is finished!
<CMD> saveDesign alu_32bit
#% Begin save design ... (date=12/13 22:29:22, mem=2032.2M)
% Begin Save ccopt configuration ... (date=12/13 22:29:22, mem=2032.3M)
% End Save ccopt configuration ... (date=12/13 22:29:22, total cpu=0:00:00.0, real=0:00:00.0, peak res=2034.0M, current mem=2034.0M)
% Begin Save netlist data ... (date=12/13 22:29:22, mem=2034.1M)
Writing Binary DB to alu_32bit.dat/alu_32bit.v.bin in single-threaded mode...
% End Save netlist data ... (date=12/13 22:29:22, total cpu=0:00:00.0, real=0:00:00.0, peak res=2034.2M, current mem=2034.2M)
Saving symbol-table file ...
Saving congestion map file alu_32bit.dat/alu_32bit.route.congmap.gz ...
% Begin Save AAE data ... (date=12/13 22:29:22, mem=2034.4M)
Saving AAE Data ...
AAE DB initialization (MEM=2655.16 CPU=0:00:00.0 REAL=0:00:00.0) 
% End Save AAE data ... (date=12/13 22:29:23, total cpu=0:00:00.0, real=0:00:00.0, peak res=2035.4M, current mem=2035.4M)
Saving preference file alu_32bit.dat/gui.pref.tcl ...
Saving mode setting ...
Saving global file ...
% Begin Save floorplan data ... (date=12/13 22:29:23, mem=2037.3M)
Saving floorplan file ...
% End Save floorplan data ... (date=12/13 22:29:23, total cpu=0:00:00.0, real=0:00:00.0, peak res=2037.3M, current mem=2037.3M)
Saving Drc markers ...
... No Drc file written since there is no markers found.
% Begin Save placement data ... (date=12/13 22:29:23, mem=2037.3M)
** Saving stdCellPlacement_binary (version# 2) ...
Save Adaptive View Pruning View Names to Binary file
% End Save placement data ... (date=12/13 22:29:23, total cpu=0:00:00.0, real=0:00:00.0, peak res=2037.7M, current mem=2037.7M)
% Begin Save routing data ... (date=12/13 22:29:23, mem=2037.7M)
Saving route file ...
*** Completed saveRoute (cpu=0:00:00.0 real=0:00:00.0 mem=2655.7M) ***
% End Save routing data ... (date=12/13 22:29:23, total cpu=0:00:00.0, real=0:00:00.0, peak res=2038.0M, current mem=2038.0M)
Saving property file alu_32bit.dat/alu_32bit.prop
*** Completed saveProperty (cpu=0:00:00.0 real=0:00:00.0 mem=2658.7M) ***
#Saving pin access data to file alu_32bit.dat/alu_32bit.apa ...
#
% Begin Save power constraints data ... (date=12/13 22:29:23, mem=2039.0M)
% End Save power constraints data ... (date=12/13 22:29:23, total cpu=0:00:00.0, real=0:00:00.0, peak res=2039.0M, current mem=2039.0M)
rc_best rc_worst
Generated self-contained design alu_32bit.dat
#% End save design ... (date=12/13 22:29:24, total cpu=0:00:00.7, real=0:00:02.0, peak res=2068.1M, current mem=2042.0M)
*** Message Summary: 0 warning(s), 0 error(s)

